<?xml version="1.0" encoding="UTF-8"?>
<!-- Generated by org.testng.reporters.JUnitXMLReporter -->
<testsuite ignored="0" hostname="LTIN216042" failures="2" tests="2" name="Chrome Test" time="11.577" errors="0" timestamp="2024-03-05T17:03:47 IST">
  <testcase classname="parallel_Testing_And_Invocation.ParamTest" name="testTitle" time="0.045">
    <failure type="java.lang.AssertionError" message="expected [OrangeHRM] but found []">
      <![CDATA[java.lang.AssertionError: expected [OrangeHRM] but found []
at parallel_Testing_And_Invocation.ParamTest.testTitle(ParamTest.java:31)
at java.base/java.util.ArrayList.forEach(ArrayList.java:1511)
at java.base/java.util.concurrent.FutureTask.run(FutureTask.java:264)
at java.base/java.util.concurrent.ThreadPoolExecutor.runWorker(ThreadPoolExecutor.java:1136)
at java.base/java.util.concurrent.ThreadPoolExecutor$Worker.run(ThreadPoolExecutor.java:635)
at java.base/java.lang.Thread.run(Thread.java:833)
... Removed 23 stack frames]]>
    </failure>
  </testcase> <!-- testTitle -->
  <testcase classname="parallel_Testing_And_Invocation.ParamTest" name="testUrl" time="0.047">
    <failure type="java.lang.AssertionError" message="expected [OrangeHRM] but found [https://opensource-demo.orangehrmlive.com/web/index.php/auth/login]">
      <![CDATA[java.lang.AssertionError: expected [OrangeHRM] but found [https://opensource-demo.orangehrmlive.com/web/index.php/auth/login]
at parallel_Testing_And_Invocation.ParamTest.testUrl(ParamTest.java:38)
at java.base/java.util.ArrayList.forEach(ArrayList.java:1511)
at java.base/java.util.concurrent.FutureTask.run(FutureTask.java:264)
at java.base/java.util.concurrent.ThreadPoolExecutor.runWorker(ThreadPoolExecutor.java:1136)
at java.base/java.util.concurrent.ThreadPoolExecutor$Worker.run(ThreadPoolExecutor.java:635)
at java.base/java.lang.Thread.run(Thread.java:833)
... Removed 23 stack frames]]>
    </failure>
  </testcase> <!-- testUrl -->
</testsuite> <!-- Chrome Test -->
